Using pre-set license
Built from '2021.1/staging' branch; Version is '2021.1.21f1 (f2d5d3c59f8c) revision 15914451'; Using compiler version '192528614'; Build Type 'Release'
OS: 'Windows 10 Home; OS build 19043.1237; Version 2009; 64bit' Language: 'en' Physical Memory: 32695 MB
BatchMode: 1, IsHumanControllingUs: 0, StartBugReporterOnCrash: 0, Is64bit: 1, IsPro: 0

COMMAND LINE ARGUMENTS:
C:\Program Files\Unity\Hub\Editor\2021.1.21f1\Editor\Unity.exe
-adb2
-batchMode
-noUpm
-name
AssetImportWorker0
-projectPath
Z:/SCHOOL/GameEngineScripting/MiamiWeek5
-logFile
Logs/AssetImportWorker0.log
-srvPort
61239
Successfully changed project path to: Z:/SCHOOL/GameEngineScripting/MiamiWeek5
Z:/SCHOOL/GameEngineScripting/MiamiWeek5
Using Asset Import Pipeline V2.
Refreshing native plugins compatible for Editor in 30.38 ms, found 2 plugins.
Preloading 0 native plugins for Editor in 0.00 ms.
Initialize engine version: 2021.1.21f1 (f2d5d3c59f8c)
[Subsystems] Discovering subsystems at path C:/Program Files/Unity/Hub/Editor/2021.1.21f1/Editor/Data/Resources/UnitySubsystems
[Subsystems] Discovering subsystems at path Z:/SCHOOL/GameEngineScripting/MiamiWeek5/Assets
GfxDevice: creating device client; threaded=0; jobified=0
Direct3D:
    Version:  Direct3D 11.0 [level 11.1]
    Renderer: NVIDIA GeForce RTX 2060 (ID=0x1f08)
    Vendor:   NVIDIA
    VRAM:     5980 MB
    Driver:   27.21.14.6589
Initialize mono
Mono path[0] = 'C:/Program Files/Unity/Hub/Editor/2021.1.21f1/Editor/Data/Managed'
Mono path[1] = 'C:/Program Files/Unity/Hub/Editor/2021.1.21f1/Editor/Data/MonoBleedingEdge/lib/mono/unityjit'
Mono config path = 'C:/Program Files/Unity/Hub/Editor/2021.1.21f1/Editor/Data/MonoBleedingEdge/etc'
Using monoOptions --debugger-agent=transport=dt_socket,embedding=1,server=y,suspend=n,address=127.0.0.1:56624
Begin MonoManager ReloadAssembly
Registering precompiled unity dll's ...
Register platform support module: C:/Program Files/Unity/Hub/Editor/2021.1.21f1/Editor/Data/PlaybackEngines/WindowsStandaloneSupport/UnityEditor.WindowsStandalone.Extensions.dll
Registered in 0.001744 seconds.
Native extension for WindowsStandalone target not found
Refreshing native plugins compatible for Editor in 28.20 ms, found 2 plugins.
Preloading 0 native plugins for Editor in 0.00 ms.
Mono: successfully reloaded assembly
- Completed reload, in  1.046 seconds
Domain Reload Profiling:
	ReloadAssembly (1046ms)
		BeginReloadAssembly (57ms)
			ExecutionOrderSort (0ms)
			DisableScriptedObjects (0ms)
			BackupInstance (0ms)
			ReleaseScriptingObjects (0ms)
			CreateAndSetChildDomain (1ms)
		EndReloadAssembly (331ms)
			LoadAssemblies (55ms)
			RebuildTransferFunctionScriptingTraits (0ms)
			SetupTypeCache (132ms)
			ReleaseScriptCaches (0ms)
			RebuildScriptCaches (24ms)
			SetupLoadedEditorAssemblies (138ms)
				LogAssemblyErrors (0ms)
				InitializePlatformSupportModulesInManaged (5ms)
				SetLoadedEditorAssemblies (0ms)
				RefreshPlugins (28ms)
				BeforeProcessingInitializeOnLoad (1ms)
				ProcessInitializeOnLoadAttributes (79ms)
				ProcessInitializeOnLoadMethodAttributes (24ms)
				AfterProcessingInitializeOnLoad (0ms)
				EditorAssembliesLoaded (0ms)
			ExecutionOrderSort2 (0ms)
			AwakeInstancesAfterBackupRestoration (0ms)
Platform modules already initialized, skipping
Registering precompiled user dll's ...
Registered in 0.001406 seconds.
Begin MonoManager ReloadAssembly
Native extension for WindowsStandalone target not found
Refreshing native plugins compatible for Editor in 28.02 ms, found 2 plugins.
Preloading 0 native plugins for Editor in 0.00 ms.
Mono: successfully reloaded assembly
- Completed reload, in  0.893 seconds
Domain Reload Profiling:
	ReloadAssembly (894ms)
		BeginReloadAssembly (137ms)
			ExecutionOrderSort (0ms)
			DisableScriptedObjects (4ms)
			BackupInstance (0ms)
			ReleaseScriptingObjects (0ms)
			CreateAndSetChildDomain (20ms)
		EndReloadAssembly (703ms)
			LoadAssemblies (77ms)
			RebuildTransferFunctionScriptingTraits (0ms)
			SetupTypeCache (232ms)
			ReleaseScriptCaches (0ms)
			RebuildScriptCaches (35ms)
			SetupLoadedEditorAssemblies (290ms)
				LogAssemblyErrors (0ms)
				InitializePlatformSupportModulesInManaged (3ms)
				SetLoadedEditorAssemblies (0ms)
				RefreshPlugins (28ms)
				BeforeProcessingInitializeOnLoad (39ms)
				ProcessInitializeOnLoadAttributes (209ms)
				ProcessInitializeOnLoadMethodAttributes (4ms)
				AfterProcessingInitializeOnLoad (6ms)
				EditorAssembliesLoaded (0ms)
			ExecutionOrderSort2 (0ms)
			AwakeInstancesAfterBackupRestoration (5ms)
Platform modules already initialized, skipping
========================================================================
Worker process is ready to serve import requests
Launched and connected shader compiler UnityShaderCompiler.exe after 0.03 seconds
Refreshing native plugins compatible for Editor in 0.39 ms, found 2 plugins.
Preloading 0 native plugins for Editor in 0.00 ms.
Unloading 1710 Unused Serialized files (Serialized files now loaded: 0)
System memory in use before: 77.7 MB.
System memory in use after: 77.8 MB.

Unloading 18 unused Assets to reduce memory usage. Loaded Objects now: 2161.
Total: 2.863200 ms (FindLiveObjects: 0.177300 ms CreateObjectMapping: 0.037300 ms MarkObjects: 2.589000 ms  DeleteObjects: 0.058600 ms)

AssetImportParameters requested are different than current active one (requested -> active):
  custom:framework-win-MediaFoundation: 216162199b28c13a410421893ffa2e32 -> 
  custom:video-decoder-ogg-theora: a1e56fd34408186e4bbccfd4996cb3dc -> 
  custom:container-muxer-webm: aa71ff27fc2769a1b78a27578f13a17b -> 
  custom:container-demuxer-webm: 4f35f7cbe854078d1ac9338744f61a02 -> 
  custom:container-demuxer-ogg: 62fdf1f143b41e24485cea50d1cbac27 -> 
  custom:video-encoder-webm-vp8: eb34c28f22e8b96e1ab97ce403110664 -> 
  custom:video-decoder-webm-vp8: 9c59270c3fd7afecdb556c50c9e8de78 -> 
  custom:audio-decoder-ogg-vorbis: bf7c407c2cedff20999df2af8eb42d56 -> 
  custom:audio-encoder-webm-vorbis: bf7c407c2cedff20999df2af8eb42d56 -> 
========================================================================
Received Import Request.
  path: Assets/InputSystem.inputsettings.asset
  artifactKey: Guid(b2d65ecdb59e249ce859977f9287e4b8) Importer(815301076,1909f56bfc062723c751e8b465ee728b)
Start importing Assets/InputSystem.inputsettings.asset using Guid(b2d65ecdb59e249ce859977f9287e4b8) Importer(815301076,1909f56bfc062723c751e8b465ee728b)  -> (artifact id: 'dc93e4915fa78c80fe737455ed95d83d') in 0.024738 seconds 
========================================================================
Received Import Request.
  Time since last request: 4.706900 seconds.
  path: Assets/Homework.txt
  artifactKey: Guid(3c44cd4056660429f826252cee8a17fd) Importer(815301076,1909f56bfc062723c751e8b465ee728b)
Start importing Assets/Homework.txt using Guid(3c44cd4056660429f826252cee8a17fd) Importer(815301076,1909f56bfc062723c751e8b465ee728b)  -> (artifact id: 'fec2c7257550a38a881b463d8db30031') in 0.008832 seconds 
========================================================================
Received Import Request.
  Time since last request: 49.074747 seconds.
  path: Assets/Scripts
  artifactKey: Guid(2601f56dcd7dd48eab3bb86578de201c) Importer(815301076,1909f56bfc062723c751e8b465ee728b)
Start importing Assets/Scripts using Guid(2601f56dcd7dd48eab3bb86578de201c) Importer(815301076,1909f56bfc062723c751e8b465ee728b)  -> (artifact id: 'bd0bb74abc615acccc1710a1ab08fb5b') in 0.002168 seconds 
========================================================================
Received Import Request.
  Time since last request: 29.338938 seconds.
  path: Assets/Scripts/Bounds
  artifactKey: Guid(1f76900bf00dd44749ab010a1c9a4bf6) Importer(815301076,1909f56bfc062723c751e8b465ee728b)
Start importing Assets/Scripts/Bounds using Guid(1f76900bf00dd44749ab010a1c9a4bf6) Importer(815301076,1909f56bfc062723c751e8b465ee728b)  -> (artifact id: 'dc9f1da59cb96533d9dcbbfd2d4d66e3') in 0.002067 seconds 
========================================================================
Received Import Request.
  Time since last request: 0.606006 seconds.
  path: Assets/Scripts/Bounds/SizeToCamera.cs
  artifactKey: Guid(cfb07c67129e744f683048f00bf58ce8) Importer(815301076,1909f56bfc062723c751e8b465ee728b)
Start importing Assets/Scripts/Bounds/SizeToCamera.cs using Guid(cfb07c67129e744f683048f00bf58ce8) Importer(815301076,1909f56bfc062723c751e8b465ee728b)  -> (artifact id: 'ce29c20e0e00a0b2894e1bae5ad0e3e6') in 0.006443 seconds 
========================================================================
Received Import Request.
  Time since last request: 6.375795 seconds.
  path: Assets/Scripts/Manager
  artifactKey: Guid(91ca7d3df41ee4e1a93140ab0e077c45) Importer(815301076,1909f56bfc062723c751e8b465ee728b)
Start importing Assets/Scripts/Manager using Guid(91ca7d3df41ee4e1a93140ab0e077c45) Importer(815301076,1909f56bfc062723c751e8b465ee728b)  -> (artifact id: '2c1b3cfb92fa3da4c78fbb428b487099') in 0.002010 seconds 
========================================================================
Received Import Request.
  Time since last request: 0.960401 seconds.
  path: Assets/Scripts/Manager/InterfaceManager.cs
  artifactKey: Guid(1d290589b70914159bb117de19f70977) Importer(815301076,1909f56bfc062723c751e8b465ee728b)
Start importing Assets/Scripts/Manager/InterfaceManager.cs using Guid(1d290589b70914159bb117de19f70977) Importer(815301076,1909f56bfc062723c751e8b465ee728b)  -> (artifact id: 'a8b210ca670381a01c9f1c3845f01e16') in 0.001744 seconds 
========================================================================
Received Import Request.
  Time since last request: 63.761538 seconds.
  path: Assets/Scripts/Manager/PlayerManager.cs
  artifactKey: Guid(c40fb5fa5c0f2496d90fccabaf5599b1) Importer(815301076,1909f56bfc062723c751e8b465ee728b)
Start importing Assets/Scripts/Manager/PlayerManager.cs using Guid(c40fb5fa5c0f2496d90fccabaf5599b1) Importer(815301076,1909f56bfc062723c751e8b465ee728b)  -> (artifact id: '00c8e3031be1fbe0050d18836c1cd9ec') in 0.001815 seconds 
========================================================================
Received Import Request.
  Time since last request: 4.523362 seconds.
  path: Assets/Scenes
  artifactKey: Guid(a25488e246d1c471ea6f5785121c2d68) Importer(815301076,1909f56bfc062723c751e8b465ee728b)
Start importing Assets/Scenes using Guid(a25488e246d1c471ea6f5785121c2d68) Importer(815301076,1909f56bfc062723c751e8b465ee728b)  -> (artifact id: 'd5225cb760c9a6546b0e6cd24e55298f') in 0.001795 seconds 
========================================================================
Received Import Request.
  Time since last request: 0.819282 seconds.
  path: Assets/Scenes/Homework.unity
  artifactKey: Guid(9fc0d4010bbf28b4594072e72b8655ab) Importer(815301076,1909f56bfc062723c751e8b465ee728b)
Start importing Assets/Scenes/Homework.unity using Guid(9fc0d4010bbf28b4594072e72b8655ab) Importer(815301076,1909f56bfc062723c751e8b465ee728b)  -> (artifact id: '7c68887355f18234d1d4f102734e573b') in 0.002210 seconds 
========================================================================
Received Import Request.
  Time since last request: 9.443052 seconds.
  path: Assets/Art
  artifactKey: Guid(1143b33c4daa14adc9a4f40c3bb49bbd) Importer(815301076,1909f56bfc062723c751e8b465ee728b)
Start importing Assets/Art using Guid(1143b33c4daa14adc9a4f40c3bb49bbd) Importer(815301076,1909f56bfc062723c751e8b465ee728b)  -> (artifact id: 'e0df785d78e8b7d70a33f4cb44711e68') in 0.002103 seconds 
========================================================================
Received Import Request.
  Time since last request: 0.067833 seconds.
  path: Assets/Art/Boundary.mat
  artifactKey: Guid(5687c6420eef94e65b8778bed898095d) Importer(815301076,1909f56bfc062723c751e8b465ee728b)
Start importing Assets/Art/Boundary.mat using Guid(5687c6420eef94e65b8778bed898095d) Importer(815301076,1909f56bfc062723c751e8b465ee728b)  -> (artifact id: '5baa4a90db3f0a7eac339c3eef5bf6df') in 0.212407 seconds 
========================================================================
Received Import Request.
  Time since last request: 0.000240 seconds.
  path: Assets/Art/PlayerTwo.mat
  artifactKey: Guid(cdf07f2133e484c8d9c9b35bb76af811) Importer(815301076,1909f56bfc062723c751e8b465ee728b)
Start importing Assets/Art/PlayerTwo.mat using Guid(cdf07f2133e484c8d9c9b35bb76af811) Importer(815301076,1909f56bfc062723c751e8b465ee728b)  -> (artifact id: 'ff00b6259440c79e46a87bf04f23e1d0') in 0.006622 seconds 
========================================================================
Received Import Request.
  Time since last request: 0.000234 seconds.
  path: Assets/Art/PlayerOne.mat
  artifactKey: Guid(bea9b1e65d917484dad5f67c099474aa) Importer(815301076,1909f56bfc062723c751e8b465ee728b)
Start importing Assets/Art/PlayerOne.mat using Guid(bea9b1e65d917484dad5f67c099474aa) Importer(815301076,1909f56bfc062723c751e8b465ee728b)  -> (artifact id: 'b59691f667de19f00336b9ea0ec7690c') in 0.007268 seconds 
========================================================================
Received Import Request.
  Time since last request: 10.755564 seconds.
  path: Assets/Input
  artifactKey: Guid(6e054ca983c98454eae0ef558f7fd4df) Importer(815301076,1909f56bfc062723c751e8b465ee728b)
Start importing Assets/Input using Guid(6e054ca983c98454eae0ef558f7fd4df) Importer(815301076,1909f56bfc062723c751e8b465ee728b)  -> (artifact id: 'ddfd389f430f09fdf062e9797f083e2f') in 0.004007 seconds 
========================================================================
Received Import Request.
  Time since last request: 0.152103 seconds.
  path: Assets/Input/DefaultInputActions.inputactions
  artifactKey: Guid(336ea41df1c2349c7a766ae845569b46) Importer(815301076,1909f56bfc062723c751e8b465ee728b)
Start importing Assets/Input/DefaultInputActions.inputactions using Guid(336ea41df1c2349c7a766ae845569b46) Importer(815301076,1909f56bfc062723c751e8b465ee728b)  -> (artifact id: 'beee733607d0a8224c1e1f79c64a1ad7') in 0.010478 seconds 
========================================================================
Received Import Request.
  Time since last request: 5.296342 seconds.
  path: Assets/Prefab
  artifactKey: Guid(9204e281adb264078bdb0a07cfcc50cd) Importer(815301076,1909f56bfc062723c751e8b465ee728b)
Start importing Assets/Prefab using Guid(9204e281adb264078bdb0a07cfcc50cd) Importer(815301076,1909f56bfc062723c751e8b465ee728b)  -> (artifact id: '479681674ba7509be477bc781063ccd0') in 0.001799 seconds 
========================================================================
Received Import Request.
  Time since last request: 0.115002 seconds.
  path: Assets/Prefab/Player.prefab
  artifactKey: Guid(ba2c6dc5c94b04246a66d96286604d17) Importer(815301076,1909f56bfc062723c751e8b465ee728b)
Start importing Assets/Prefab/Player.prefab using Guid(ba2c6dc5c94b04246a66d96286604d17) Importer(815301076,1909f56bfc062723c751e8b465ee728b)  -> (artifact id: '3a312312de0d1060a35e8b95a7d4c9f2') in 0.023053 seconds 
========================================================================
Received Import Request.
  Time since last request: 30.612765 seconds.
  path: Assets/Scripts/Player
  artifactKey: Guid(41eea8c9746cb4492b6e7d0239be0a74) Importer(815301076,1909f56bfc062723c751e8b465ee728b)
Start importing Assets/Scripts/Player using Guid(41eea8c9746cb4492b6e7d0239be0a74) Importer(815301076,1909f56bfc062723c751e8b465ee728b)  -> (artifact id: 'a1ab4eac98161089d41e98e7089baf7a') in 0.001950 seconds 
========================================================================
Received Import Request.
  Time since last request: 0.735117 seconds.
  path: Assets/Scripts/Player/PlayerController.cs
  artifactKey: Guid(fb2b17ea87c6d4a10ad6d0da952d280b) Importer(815301076,1909f56bfc062723c751e8b465ee728b)
Start importing Assets/Scripts/Player/PlayerController.cs using Guid(fb2b17ea87c6d4a10ad6d0da952d280b) Importer(815301076,1909f56bfc062723c751e8b465ee728b)  -> (artifact id: 'f00fbf1dfe5b5fe61d2f5e2bff499669') in 0.001763 seconds 
========================================================================
Received Import Request.
  Time since last request: 38.284769 seconds.
  path: Assets/Scripts/Manager/SplitKeyboardPlayerInputManager.cs
  artifactKey: Guid(49e614a7ddd9a44bdbf28963c31eb340) Importer(815301076,1909f56bfc062723c751e8b465ee728b)
Start importing Assets/Scripts/Manager/SplitKeyboardPlayerInputManager.cs using Guid(49e614a7ddd9a44bdbf28963c31eb340) Importer(815301076,1909f56bfc062723c751e8b465ee728b)  -> (artifact id: '1b1ee930b8b96a8ccfa6b43f6fbb7f2f') in 0.001917 seconds 
========================================================================
Received Prepare
Registering precompiled user dll's ...
Registered in 0.001419 seconds.
Begin MonoManager ReloadAssembly
Native extension for WindowsStandalone target not found
Refreshing native plugins compatible for Editor in 0.40 ms, found 2 plugins.
Preloading 0 native plugins for Editor in 0.00 ms.
Mono: successfully reloaded assembly
- Completed reload, in  0.820 seconds
Domain Reload Profiling:
	ReloadAssembly (820ms)
		BeginReloadAssembly (113ms)
			ExecutionOrderSort (0ms)
			DisableScriptedObjects (4ms)
			BackupInstance (0ms)
			ReleaseScriptingObjects (0ms)
			CreateAndSetChildDomain (35ms)
		EndReloadAssembly (653ms)
			LoadAssemblies (77ms)
			RebuildTransferFunctionScriptingTraits (0ms)
			SetupTypeCache (246ms)
			ReleaseScriptCaches (1ms)
			RebuildScriptCaches (31ms)
			SetupLoadedEditorAssemblies (228ms)
				LogAssemblyErrors (0ms)
				InitializePlatformSupportModulesInManaged (4ms)
				SetLoadedEditorAssemblies (0ms)
				RefreshPlugins (0ms)
				BeforeProcessingInitializeOnLoad (31ms)
				ProcessInitializeOnLoadAttributes (183ms)
				ProcessInitializeOnLoadMethodAttributes (3ms)
				AfterProcessingInitializeOnLoad (6ms)
				EditorAssembliesLoaded (0ms)
			ExecutionOrderSort2 (0ms)
			AwakeInstancesAfterBackupRestoration (6ms)
Platform modules already initialized, skipping
Refreshing native plugins compatible for Editor in 0.30 ms, found 2 plugins.
Preloading 0 native plugins for Editor in 0.00 ms.
Unloading 1703 Unused Serialized files (Serialized files now loaded: 0)
System memory in use before: 81.8 MB.
System memory in use after: 81.9 MB.

Unloading 11 unused Assets to reduce memory usage. Loaded Objects now: 2204.
Total: 2.755600 ms (FindLiveObjects: 0.162900 ms CreateObjectMapping: 0.038500 ms MarkObjects: 2.540100 ms  DeleteObjects: 0.013200 ms)

AssetImportParameters requested are different than current active one (requested -> active):
  custom:framework-win-MediaFoundation: 216162199b28c13a410421893ffa2e32 -> 
  custom:video-decoder-ogg-theora: a1e56fd34408186e4bbccfd4996cb3dc -> 
  custom:container-muxer-webm: aa71ff27fc2769a1b78a27578f13a17b -> 
  custom:container-demuxer-webm: 4f35f7cbe854078d1ac9338744f61a02 -> 
  custom:container-demuxer-ogg: 62fdf1f143b41e24485cea50d1cbac27 -> 
  custom:video-encoder-webm-vp8: eb34c28f22e8b96e1ab97ce403110664 -> 
  custom:video-decoder-webm-vp8: 9c59270c3fd7afecdb556c50c9e8de78 -> 
  custom:audio-decoder-ogg-vorbis: bf7c407c2cedff20999df2af8eb42d56 -> 
  custom:audio-encoder-webm-vorbis: bf7c407c2cedff20999df2af8eb42d56 -> 
AssetImportWorkerClient::OnTransportError - code=2 error=End of file
